2017-11-04 14:39:30.361  INFO 7441 --- [restartedMain] edu.neu.csye.DemoApplication             : Starting DemoApplication on shrikant-VirtualBox with PID 7441 (/home/shrikant/IdeaProjects/csye6225-fall2017/csye6225-fall2017/build/classes/main started by shrikant in /home/shrikant/IdeaProjects/csye6225-fall2017/csye6225-fall2017)
2017-11-04 14:39:30.372  INFO 7441 --- [restartedMain] edu.neu.csye.DemoApplication             : No active profile set, falling back to default profiles: default
2017-11-04 14:39:30.676  INFO 7441 --- [restartedMain] ationConfigEmbeddedWebApplicationContext : Refreshing org.springframework.boot.context.embedded.AnnotationConfigEmbeddedWebApplicationContext@320a43b9: startup date [Sat Nov 04 14:39:30 EDT 2017]; root of context hierarchy
2017-11-04 14:39:35.064  INFO 7441 --- [restartedMain] o.s.b.f.s.DefaultListableBeanFactory     : Overriding bean definition for bean 'requestContextFilter' with a different definition: replacing [Root bean: class [null]; scope=; abstract=false; lazyInit=false; autowireMode=3; dependencyCheck=0; autowireCandidate=true; primary=false; factoryBeanName=org.springframework.boot.autoconfigure.jersey.JerseyAutoConfiguration; factoryMethodName=requestContextFilter; initMethodName=null; destroyMethodName=(inferred); defined in class path resource [org/springframework/boot/autoconfigure/jersey/JerseyAutoConfiguration.class]] with [Root bean: class [org.springframework.boot.autoconfigure.web.WebMvcAutoConfiguration$WebMvcAutoConfigurationAdapter]; scope=; abstract=false; lazyInit=false; autowireMode=3; dependencyCheck=0; autowireCandidate=true; primary=false; factoryBeanName=null; factoryMethodName=requestContextFilter; initMethodName=null; destroyMethodName=(inferred); defined in class path resource [org/springframework/boot/autoconfigure/web/WebMvcAutoConfiguration$WebMvcAutoConfigurationAdapter.class]]
2017-11-04 14:39:35.617  INFO 7441 --- [restartedMain] o.s.b.f.s.DefaultListableBeanFactory     : Overriding bean definition for bean 'managementServletContext' with a different definition: replacing [Root bean: class [null]; scope=; abstract=false; lazyInit=false; autowireMode=3; dependencyCheck=0; autowireCandidate=true; primary=false; factoryBeanName=org.springframework.boot.actuate.autoconfigure.EndpointWebMvcHypermediaManagementContextConfiguration; factoryMethodName=managementServletContext; initMethodName=null; destroyMethodName=(inferred); defined in class path resource [org/springframework/boot/actuate/autoconfigure/EndpointWebMvcHypermediaManagementContextConfiguration.class]] with [Root bean: class [null]; scope=; abstract=false; lazyInit=false; autowireMode=3; dependencyCheck=0; autowireCandidate=true; primary=false; factoryBeanName=org.springframework.boot.actuate.autoconfigure.EndpointWebMvcAutoConfiguration; factoryMethodName=managementServletContext; initMethodName=null; destroyMethodName=(inferred); defined in class path resource [org/springframework/boot/actuate/autoconfigure/EndpointWebMvcAutoConfiguration.class]]
2017-11-04 14:39:36.146  INFO 7441 --- [restartedMain] o.s.b.f.s.DefaultListableBeanFactory     : Overriding bean definition for bean 'propertySourcesPlaceholderConfigurer' with a different definition: replacing [Root bean: class [org.springframework.boot.autoconfigure.context.PropertyPlaceholderAutoConfiguration]; scope=; abstract=false; lazyInit=false; autowireMode=3; dependencyCheck=0; autowireCandidate=true; primary=false; factoryBeanName=null; factoryMethodName=propertySourcesPlaceholderConfigurer; initMethodName=null; destroyMethodName=(inferred); defined in class path resource [org/springframework/boot/autoconfigure/context/PropertyPlaceholderAutoConfiguration.class]] with [Root bean: class [org.springframework.boot.autoconfigure.session.JdbcSessionConfiguration$SpringBootJdbcHttpSessionConfiguration]; scope=; abstract=false; lazyInit=false; autowireMode=3; dependencyCheck=0; autowireCandidate=true; primary=false; factoryBeanName=null; factoryMethodName=propertySourcesPlaceholderConfigurer; initMethodName=null; destroyMethodName=(inferred); defined in class path resource [org/springframework/boot/autoconfigure/session/JdbcSessionConfiguration$SpringBootJdbcHttpSessionConfiguration.class]]
2017-11-04 14:39:37.613  INFO 7441 --- [restartedMain] f.a.AutowiredAnnotationBeanPostProcessor : JSR-330 'javax.inject.Inject' annotation found and supported for autowiring
2017-11-04 14:39:39.731  INFO 7441 --- [restartedMain] s.b.c.e.t.TomcatEmbeddedServletContainer : Tomcat initialized with port(s): 8080 (http)
2017-11-04 14:39:39.766  INFO 7441 --- [restartedMain] o.apache.catalina.core.StandardService   : Starting service [Tomcat]
2017-11-04 14:39:39.768  INFO 7441 --- [restartedMain] org.apache.catalina.core.StandardEngine  : Starting Servlet Engine: Apache Tomcat/8.5.16
2017-11-04 14:39:40.187  INFO 7441 --- [localhost-startStop-1] o.a.c.c.C.[Tomcat].[localhost].[/]       : Initializing Spring embedded WebApplicationContext
2017-11-04 14:39:40.188  INFO 7441 --- [localhost-startStop-1] o.s.web.context.ContextLoader            : Root WebApplicationContext: initialization completed in 9520 ms
2017-11-04 14:39:44.329  INFO 7441 --- [localhost-startStop-1] j.LocalContainerEntityManagerFactoryBean : Building JPA container EntityManagerFactory for persistence unit 'default'
2017-11-04 14:39:44.373  INFO 7441 --- [localhost-startStop-1] o.hibernate.jpa.internal.util.LogHelper  : HHH000204: Processing PersistenceUnitInfo [
	name: default
	...]
2017-11-04 14:39:44.655  INFO 7441 --- [localhost-startStop-1] org.hibernate.Version                    : HHH000412: Hibernate Core {5.0.12.Final}
2017-11-04 14:39:44.665  INFO 7441 --- [localhost-startStop-1] org.hibernate.cfg.Environment            : HHH000206: hibernate.properties not found
2017-11-04 14:39:44.671  INFO 7441 --- [localhost-startStop-1] org.hibernate.cfg.Environment            : HHH000021: Bytecode provider name : javassist
2017-11-04 14:39:44.852  INFO 7441 --- [localhost-startStop-1] o.hibernate.annotations.common.Version   : HCANN000001: Hibernate Commons Annotations {5.0.1.Final}
2017-11-04 14:39:45.325  INFO 7441 --- [localhost-startStop-1] org.hibernate.dialect.Dialect            : HHH000400: Using dialect: org.hibernate.dialect.MySQL5InnoDBDialect
2017-11-04 14:39:47.115  INFO 7441 --- [localhost-startStop-1] org.hibernate.tool.hbm2ddl.SchemaUpdate  : HHH000228: Running hbm2ddl schema update
2017-11-04 14:39:47.450  INFO 7441 --- [localhost-startStop-1] j.LocalContainerEntityManagerFactoryBean : Initialized JPA EntityManagerFactory for persistence unit 'default'
2017-11-04 14:39:48.657  INFO 7441 --- [localhost-startStop-1] o.s.b.w.servlet.FilterRegistrationBean   : Mapping filter: 'metricsFilter' to: [/*]
2017-11-04 14:39:48.658  INFO 7441 --- [localhost-startStop-1] o.s.b.w.servlet.FilterRegistrationBean   : Mapping filter: 'characterEncodingFilter' to: [/*]
2017-11-04 14:39:48.659  INFO 7441 --- [localhost-startStop-1] o.s.b.w.servlet.FilterRegistrationBean   : Mapping filter: 'springSessionRepositoryFilter' to: [/*]
2017-11-04 14:39:48.664  INFO 7441 --- [localhost-startStop-1] o.s.b.w.servlet.FilterRegistrationBean   : Mapping filter: 'hiddenHttpMethodFilter' to: [/*]
2017-11-04 14:39:48.665  INFO 7441 --- [localhost-startStop-1] o.s.b.w.servlet.FilterRegistrationBean   : Mapping filter: 'httpPutFormContentFilter' to: [/*]
2017-11-04 14:39:48.670  INFO 7441 --- [localhost-startStop-1] o.s.b.w.servlet.FilterRegistrationBean   : Mapping filter: 'requestContextFilter' to: [/*]
2017-11-04 14:39:48.672  INFO 7441 --- [localhost-startStop-1] .s.DelegatingFilterProxyRegistrationBean : Mapping filter: 'springSecurityFilterChain' to: [/*]
2017-11-04 14:39:48.673  INFO 7441 --- [localhost-startStop-1] o.s.b.w.servlet.FilterRegistrationBean   : Mapping filter: 'webRequestLoggingFilter' to: [/*]
2017-11-04 14:39:48.673  INFO 7441 --- [localhost-startStop-1] o.s.b.w.servlet.FilterRegistrationBean   : Mapping filter: 'applicationContextIdFilter' to: [/*]
2017-11-04 14:39:48.674  INFO 7441 --- [localhost-startStop-1] o.s.b.w.servlet.ServletRegistrationBean  : Mapping servlet: 'edu.neu.csye.common.JerseyConfig' to [/*]
2017-11-04 14:39:48.676  INFO 7441 --- [localhost-startStop-1] o.s.b.w.servlet.ServletRegistrationBean  : Mapping servlet: 'dispatcherServlet' to [/]
2017-11-04 14:39:50.713  INFO 7441 --- [restartedMain] o.s.s.web.DefaultSecurityFilterChain     : Creating filter chain: org.springframework.security.web.util.matcher.AnyRequestMatcher@1, [org.springframework.security.web.context.request.async.WebAsyncManagerIntegrationFilter@346b70b, org.springframework.security.web.context.SecurityContextPersistenceFilter@58414a52, org.springframework.security.web.header.HeaderWriterFilter@3022259, org.springframework.security.web.authentication.logout.LogoutFilter@34183bec, org.springframework.security.web.authentication.www.BasicAuthenticationFilter@6dab11e3, org.springframework.security.web.savedrequest.RequestCacheAwareFilter@25b4f760, org.springframework.security.web.servletapi.SecurityContextHolderAwareRequestFilter@5cc5ea84, org.springframework.security.web.authentication.AnonymousAuthenticationFilter@30df598d, org.springframework.security.web.session.SessionManagementFilter@204016ab, org.springframework.security.web.access.ExceptionTranslationFilter@44c923c6, org.springframework.security.web.access.intercept.FilterSecurityInterceptor@14bdea5f]
2017-11-04 14:39:51.480  INFO 7441 --- [restartedMain] s.w.s.m.m.a.RequestMappingHandlerAdapter : Looking for @ControllerAdvice: org.springframework.boot.context.embedded.AnnotationConfigEmbeddedWebApplicationContext@320a43b9: startup date [Sat Nov 04 14:39:30 EDT 2017]; root of context hierarchy
2017-11-04 14:39:51.507  INFO 7441 --- [restartedMain] s.w.s.m.m.a.RequestMappingHandlerAdapter : Detected ResponseBodyAdvice bean in org.springframework.boot.actuate.autoconfigure.EndpointWebMvcHypermediaManagementContextConfiguration$ActuatorEndpointLinksAdvice
2017-11-04 14:39:51.790  INFO 7441 --- [restartedMain] s.w.s.m.m.a.RequestMappingHandlerMapping : Mapped "{[/testPost],methods=[POST],produces=[application/json]}" onto public java.lang.String edu.neu.csye.controllers.HomeController.testPost()
2017-11-04 14:39:51.796  INFO 7441 --- [restartedMain] s.w.s.m.m.a.RequestMappingHandlerMapping : Mapped "{[/test],methods=[GET],produces=[application/json]}" onto public java.lang.String edu.neu.csye.controllers.HomeController.test()
2017-11-04 14:39:51.801  INFO 7441 --- [restartedMain] s.w.s.m.m.a.RequestMappingHandlerMapping : Mapped "{[/error],produces=[text/html]}" onto public org.springframework.web.servlet.ModelAndView org.springframework.boot.autoconfigure.web.BasicErrorController.errorHtml(javax.servlet.http.HttpServletRequest,javax.servlet.http.HttpServletResponse)
2017-11-04 14:39:51.806  INFO 7441 --- [restartedMain] s.w.s.m.m.a.RequestMappingHandlerMapping : Mapped "{[/error]}" onto public org.springframework.http.ResponseEntity<java.util.Map<java.lang.String, java.lang.Object>> org.springframework.boot.autoconfigure.web.BasicErrorController.error(javax.servlet.http.HttpServletRequest)
2017-11-04 14:39:51.917  INFO 7441 --- [restartedMain] o.s.w.s.handler.SimpleUrlHandlerMapping  : Mapped URL path [/webjars/**] onto handler of type [class org.springframework.web.servlet.resource.ResourceHttpRequestHandler]
2017-11-04 14:39:51.925  INFO 7441 --- [restartedMain] o.s.w.s.handler.SimpleUrlHandlerMapping  : Mapped URL path [/**] onto handler of type [class org.springframework.web.servlet.resource.ResourceHttpRequestHandler]
2017-11-04 14:39:51.926  INFO 7441 --- [restartedMain] o.s.w.s.handler.SimpleUrlHandlerMapping  : Mapped URL path [/docs/**] onto handler of type [class org.springframework.web.servlet.resource.ResourceHttpRequestHandler]
2017-11-04 14:39:52.014  INFO 7441 --- [restartedMain] .m.m.a.ExceptionHandlerExceptionResolver : Detected ResponseBodyAdvice implementation in org.springframework.boot.actuate.autoconfigure.EndpointWebMvcHypermediaManagementContextConfiguration$ActuatorEndpointLinksAdvice
2017-11-04 14:39:52.168  INFO 7441 --- [restartedMain] o.s.w.s.handler.SimpleUrlHandlerMapping  : Mapped URL path [/**/favicon.ico] onto handler of type [class org.springframework.web.servlet.resource.ResourceHttpRequestHandler]
2017-11-04 14:39:53.571  INFO 7441 --- [restartedMain] o.s.b.a.e.mvc.EndpointHandlerMapping     : Mapped "{[/auditevents || /auditevents.json],methods=[GET],produces=[application/vnd.spring-boot.actuator.v1+json || application/json]}" onto public org.springframework.http.ResponseEntity<?> org.springframework.boot.actuate.endpoint.mvc.AuditEventsMvcEndpoint.findByPrincipalAndAfterAndType(java.lang.String,java.util.Date,java.lang.String)
2017-11-04 14:39:53.577  INFO 7441 --- [restartedMain] o.s.b.a.e.mvc.EndpointHandlerMapping     : Mapped "{[/info || /info.json],methods=[GET],produces=[application/vnd.spring-boot.actuator.v1+json || application/json]}" onto public java.lang.Object org.springframework.boot.actuate.endpoint.mvc.EndpointMvcAdapter.invoke()
2017-11-04 14:39:53.581  INFO 7441 --- [restartedMain] o.s.b.a.e.mvc.EndpointHandlerMapping     : Mapped "{[/configprops || /configprops.json],methods=[GET],produces=[application/vnd.spring-boot.actuator.v1+json || application/json]}" onto public java.lang.Object org.springframework.boot.actuate.endpoint.mvc.EndpointMvcAdapter.invoke()
2017-11-04 14:39:53.583  INFO 7441 --- [restartedMain] o.s.b.a.e.mvc.EndpointHandlerMapping     : Mapped "{[/docs],produces=[text/html]}" onto public java.lang.String org.springframework.boot.actuate.endpoint.mvc.DocsMvcEndpoint.redirect()
2017-11-04 14:39:53.583  INFO 7441 --- [restartedMain] o.s.b.a.e.mvc.EndpointHandlerMapping     : Mapped "{[/docs/],produces=[text/html]}" onto public java.lang.String org.springframework.boot.actuate.endpoint.mvc.DocsMvcEndpoint.browse()
2017-11-04 14:39:53.586  INFO 7441 --- [restartedMain] o.s.b.a.e.mvc.EndpointHandlerMapping     : Mapped "{[/dump || /dump.json],methods=[GET],produces=[application/vnd.spring-boot.actuator.v1+json || application/json]}" onto public java.lang.Object org.springframework.boot.actuate.endpoint.mvc.EndpointMvcAdapter.invoke()
2017-11-04 14:39:53.591  INFO 7441 --- [restartedMain] o.s.b.a.e.mvc.EndpointHandlerMapping     : Mapped "{[/actuator || /actuator.json],methods=[GET],produces=[application/vnd.spring-boot.actuator.v1+json || application/json]}" onto public org.springframework.hateoas.ResourceSupport org.springframework.boot.actuate.endpoint.mvc.HalJsonMvcEndpoint.links()
2017-11-04 14:39:53.594  INFO 7441 --- [restartedMain] o.s.b.a.e.mvc.EndpointHandlerMapping     : Mapped "{[/env/{name:.*}],methods=[GET],produces=[application/vnd.spring-boot.actuator.v1+json || application/json]}" onto public java.lang.Object org.springframework.boot.actuate.endpoint.mvc.EnvironmentMvcEndpoint.value(java.lang.String)
2017-11-04 14:39:53.596  INFO 7441 --- [restartedMain] o.s.b.a.e.mvc.EndpointHandlerMapping     : Mapped "{[/env || /env.json],methods=[GET],produces=[application/vnd.spring-boot.actuator.v1+json || application/json]}" onto public java.lang.Object org.springframework.boot.actuate.endpoint.mvc.EndpointMvcAdapter.invoke()
2017-11-04 14:39:53.602  INFO 7441 --- [restartedMain] o.s.b.a.e.mvc.EndpointHandlerMapping     : Mapped "{[/heapdump || /heapdump.json],methods=[GET],produces=[application/octet-stream]}" onto public void org.springframework.boot.actuate.endpoint.mvc.HeapdumpMvcEndpoint.invoke(boolean,javax.servlet.http.HttpServletRequest,javax.servlet.http.HttpServletResponse) throws java.io.IOException,javax.servlet.ServletException
2017-11-04 14:39:53.605  INFO 7441 --- [restartedMain] o.s.b.a.e.mvc.EndpointHandlerMapping     : Mapped "{[/beans || /beans.json],methods=[GET],produces=[application/vnd.spring-boot.actuator.v1+json || application/json]}" onto public java.lang.Object org.springframework.boot.actuate.endpoint.mvc.EndpointMvcAdapter.invoke()
2017-11-04 14:39:53.611  INFO 7441 --- [restartedMain] o.s.b.a.e.mvc.EndpointHandlerMapping     : Mapped "{[/trace || /trace.json],methods=[GET],produces=[application/vnd.spring-boot.actuator.v1+json || application/json]}" onto public java.lang.Object org.springframework.boot.actuate.endpoint.mvc.EndpointMvcAdapter.invoke()
2017-11-04 14:39:53.616  INFO 7441 --- [restartedMain] o.s.b.a.e.mvc.EndpointHandlerMapping     : Mapped "{[/loggers/{name:.*}],methods=[GET],produces=[application/vnd.spring-boot.actuator.v1+json || application/json]}" onto public java.lang.Object org.springframework.boot.actuate.endpoint.mvc.LoggersMvcEndpoint.get(java.lang.String)
2017-11-04 14:39:53.622  INFO 7441 --- [restartedMain] o.s.b.a.e.mvc.EndpointHandlerMapping     : Mapped "{[/loggers/{name:.*}],methods=[POST],consumes=[application/vnd.spring-boot.actuator.v1+json || application/json],produces=[application/vnd.spring-boot.actuator.v1+json || application/json]}" onto public java.lang.Object org.springframework.boot.actuate.endpoint.mvc.LoggersMvcEndpoint.set(java.lang.String,java.util.Map<java.lang.String, java.lang.String>)
2017-11-04 14:39:53.632  INFO 7441 --- [restartedMain] o.s.b.a.e.mvc.EndpointHandlerMapping     : Mapped "{[/loggers || /loggers.json],methods=[GET],produces=[application/vnd.spring-boot.actuator.v1+json || application/json]}" onto public java.lang.Object org.springframework.boot.actuate.endpoint.mvc.EndpointMvcAdapter.invoke()
2017-11-04 14:39:53.643  INFO 7441 --- [restartedMain] o.s.b.a.e.mvc.EndpointHandlerMapping     : Mapped "{[/autoconfig || /autoconfig.json],methods=[GET],produces=[application/vnd.spring-boot.actuator.v1+json || application/json]}" onto public java.lang.Object org.springframework.boot.actuate.endpoint.mvc.EndpointMvcAdapter.invoke()
2017-11-04 14:39:53.651  INFO 7441 --- [restartedMain] o.s.b.a.e.mvc.EndpointHandlerMapping     : Mapped "{[/metrics/{name:.*}],methods=[GET],produces=[application/vnd.spring-boot.actuator.v1+json || application/json]}" onto public java.lang.Object org.springframework.boot.actuate.endpoint.mvc.MetricsMvcEndpoint.value(java.lang.String)
2017-11-04 14:39:53.658  INFO 7441 --- [restartedMain] o.s.b.a.e.mvc.EndpointHandlerMapping     : Mapped "{[/metrics || /metrics.json],methods=[GET],produces=[application/vnd.spring-boot.actuator.v1+json || application/json]}" onto public java.lang.Object org.springframework.boot.actuate.endpoint.mvc.EndpointMvcAdapter.invoke()
2017-11-04 14:39:53.661  INFO 7441 --- [restartedMain] o.s.b.a.e.mvc.EndpointHandlerMapping     : Mapped "{[/health || /health.json],methods=[GET],produces=[application/vnd.spring-boot.actuator.v1+json || application/json]}" onto public java.lang.Object org.springframework.boot.actuate.endpoint.mvc.HealthMvcEndpoint.invoke(javax.servlet.http.HttpServletRequest,java.security.Principal)
2017-11-04 14:39:53.679  INFO 7441 --- [restartedMain] o.s.b.a.e.mvc.EndpointHandlerMapping     : Mapped "{[/mappings || /mappings.json],methods=[GET],produces=[application/vnd.spring-boot.actuator.v1+json || application/json]}" onto public java.lang.Object org.springframework.boot.actuate.endpoint.mvc.EndpointMvcAdapter.invoke()
2017-11-04 14:39:53.680  INFO 7441 --- [restartedMain] o.s.b.a.e.mvc.EndpointHandlerMapping     : Mapped "{[/logfile || /logfile.json],methods=[GET || HEAD]}" onto public void org.springframework.boot.actuate.endpoint.mvc.LogFileMvcEndpoint.invoke(javax.servlet.http.HttpServletRequest,javax.servlet.http.HttpServletResponse) throws javax.servlet.ServletException,java.io.IOException
2017-11-04 14:39:54.142  INFO 7441 --- [restartedMain] o.s.jdbc.datasource.init.ScriptUtils     : Executing SQL script from class path resource [org/springframework/session/jdbc/schema-mysql.sql]
2017-11-04 14:39:54.154  INFO 7441 --- [restartedMain] o.s.jdbc.datasource.init.ScriptUtils     : Executed SQL script from class path resource [org/springframework/session/jdbc/schema-mysql.sql] in 11 ms.
2017-11-04 14:39:54.435  INFO 7441 --- [restartedMain] o.s.b.d.a.OptionalLiveReloadServer       : LiveReload server is running on port 35729
2017-11-04 14:39:54.865  INFO 7441 --- [restartedMain] o.s.j.e.a.AnnotationMBeanExporter        : Registering beans for JMX exposure on startup
2017-11-04 14:39:54.899  INFO 7441 --- [restartedMain] o.s.c.support.DefaultLifecycleProcessor  : Starting beans in phase 0
2017-11-04 14:39:55.214  INFO 7441 --- [restartedMain] s.a.ScheduledAnnotationBeanPostProcessor : No TaskScheduler/ScheduledExecutorService bean found for scheduled processing
2017-11-04 14:39:55.471  INFO 7441 --- [restartedMain] s.b.c.e.t.TomcatEmbeddedServletContainer : Tomcat started on port(s): 8080 (http)
2017-11-04 14:39:55.492  INFO 7441 --- [restartedMain] edu.neu.csye.DemoApplication             : Started DemoApplication in 26.474 seconds (JVM running for 28.317)
2017-11-04 14:42:01.531  INFO 7441 --- [http-nio-8080-exec-2] o.h.h.i.QueryTranslatorFactoryInitiator  : HHH000397: Using ASTQueryTranslatorFactory
